<?xml version="1.0" encoding="UTF-8"?>
<testsuite xmlns:xsi="http://www.w3.org/2001/XMLSchema-instance" xsi:noNamespaceSchemaLocation="https://maven.apache.org/surefire/maven-surefire-plugin/xsd/surefire-test-report-3.0.xsd" version="3.0" name="BMICalculatorTest" time="0.121" tests="4" errors="0" skipped="0" failures="0">
  <properties>
[...]
</properties>
  <testcase name="testObesity" classname="BMICalculatorTest" time="0.01"/>
  <testcase name="testUnderweight" classname="BMICalculatorTest" time="0.0"/>
  <testcase name="testNormalWeight" classname="BMICalculatorTest" time="0.0"/>
  <testcase name="testOverweight" classname="BMICalculatorTest" time="0.0"/>
</testsuite>